\BOOKMARK [1][-]{section.1}{\376\377\000P\000r\000o\000b\000l\000e\000m\000a\000\040\000d\000e\000\040\000A\000p\000r\000e\000n\000d\000i\000z\000a\000j\000e\000\040\000d\000e\000\040\000P\000e\000s\000o\000s\000\040\000e\000n\000\040\000C\000a\000r\000a\000c\000t\000e\000r\000\355\000s\000t\000i\000c\000a\000s}{}% 1
\BOOKMARK [2][-]{subsection.1.1}{\376\377\000D\000e\000s\000c\000r\000i\000p\000c\000i\000\363\000n\000\040\000d\000e\000l\000\040\000p\000r\000o\000b\000l\000e\000m\000a}{section.1}% 2
\BOOKMARK [2][-]{subsection.1.2}{\376\377\000D\000a\000t\000o\000s\000\040\000u\000t\000i\000l\000i\000z\000a\000d\000o\000s}{section.1}% 3
\BOOKMARK [1][-]{section.2}{\376\377\000A\000p\000l\000i\000c\000a\000c\000i\000\363\000n\000\040\000d\000e\000\040\000l\000o\000s\000\040\000a\000l\000g\000o\000r\000i\000t\000m\000o\000s}{}% 4
\BOOKMARK [2][-]{subsection.2.1}{\376\377\000A\000l\000g\000o\000r\000i\000t\000m\000o\000s\000\040\000p\000a\000r\000a\000\040\000e\000v\000a\000l\000u\000a\000r\000\040\000l\000a\000s\000\040\000s\000o\000l\000u\000c\000i\000o\000n\000e\000s}{section.2}% 5
\BOOKMARK [2][-]{subsection.2.2}{\376\377\000A\000l\000g\000o\000r\000i\000t\000m\000o\000s\000\040\000p\000a\000r\000a\000\040\000c\000a\000l\000c\000u\000l\000a\000r\000\040\000l\000a\000s\000\040\000d\000i\000s\000t\000a\000n\000c\000i\000a\000s}{section.2}% 6
\BOOKMARK [2][-]{subsection.2.3}{\376\377\000A\000l\000g\000o\000r\000i\000t\000m\000o\000s\000\040\000p\000a\000r\000a\000\040\000p\000r\000e\000d\000e\000c\000i\000r\000\040\000l\000a\000s\000\040\000e\000t\000i\000q\000u\000e\000t\000a\000s}{section.2}% 7
\BOOKMARK [2][-]{subsection.2.4}{\376\377\000O\000t\000r\000o\000s\000\040\000a\000l\000g\000o\000r\000i\000t\000m\000o\000s}{section.2}% 8
\BOOKMARK [1][-]{section.3}{\376\377\000D\000e\000s\000c\000r\000i\000p\000c\000i\000\363\000n\000\040\000d\000e\000\040\000l\000o\000s\000\040\000a\000l\000g\000o\000r\000i\000t\000m\000o\000s}{}% 9
\BOOKMARK [2][-]{subsection.3.1}{\376\377\000B\000\372\000s\000q\000u\000e\000d\000a\000\040\000L\000o\000c\000a\000l}{section.3}% 10
\BOOKMARK [1][-]{section.4}{\376\377\000A\000l\000g\000o\000r\000i\000t\000m\000o\000s\000\040\000d\000e\000\040\000c\000o\000m\000p\000a\000r\000a\000c\000i\000\363\000n}{}% 11
\BOOKMARK [2][-]{subsection.4.1}{\376\377\0001\000-\000N\000N}{section.4}% 12
\BOOKMARK [2][-]{subsection.4.2}{\376\377\000G\000r\000e\000e\000d\000y\000:\000\040\000R\000E\000L\000I\000E\000F}{section.4}% 13
\BOOKMARK [1][-]{section.5}{\376\377\000D\000e\000s\000a\000r\000r\000o\000l\000l\000o\000\040\000d\000e\000\040\000l\000a\000\040\000p\000r\000\341\000c\000t\000i\000c\000a}{}% 14
\BOOKMARK [2][-]{subsection.5.1}{\376\377\000R\000e\000p\000r\000e\000s\000e\000n\000t\000a\000c\000i\000\363\000n\000\040\000e\000n\000\040\000g\000r\000\341\000f\000i\000c\000a\000s}{section.5}% 15
\BOOKMARK [2][-]{subsection.5.2}{\376\377\000M\000a\000n\000u\000a\000l\000\040\000d\000e\000\040\000u\000s\000u\000a\000r\000i\000o}{section.5}% 16
\BOOKMARK [1][-]{section.6}{\376\377\000E\000x\000p\000e\000r\000i\000m\000e\000n\000t\000o\000s\000\040\000y\000\040\000a\000n\000\341\000l\000i\000s\000i\000s\000\040\000d\000e\000\040\000r\000e\000s\000u\000l\000t\000a\000d\000o\000s}{}% 17
\BOOKMARK [2][-]{subsection.6.1}{\376\377\000R\000e\000s\000u\000l\000t\000a\000d\000o\000s}{section.6}% 18
\BOOKMARK [2][-]{subsection.6.2}{\376\377\000G\000r\000\341\000f\000i\000c\000a\000s\000\040\000d\000e\000l\000\040\000a\000l\000g\000o\000r\000i\000t\000m\000o\000\040\000l\000o\000c\000a\000l\000S\000e\000a\000r\000c\000h}{section.6}% 19
\BOOKMARK [2][-]{subsection.6.3}{\376\377\000A\000n\000\341\000l\000i\000s\000i\000s\000\040\000d\000e\000\040\000l\000o\000s\000\040\000r\000e\000s\000u\000l\000t\000a\000d\000o\000s}{section.6}% 20
